## Last commit: 2016-02-11 04:26:45 UTC by root
version 12.3R12.4;
system {
    host-name EX4200_BNS_LAB;
    root-authentication {
        encrypted-password "$1$PQlUySim$4zAm4G.q.7QmBX1Ci0qPS1"; ## SECRET-DATA
    }
    login {
        user auditor {
            uid 2001;
            class super-user;
            authentication {
                encrypted-password "$1$xBwecmc7$d/wjr/hf3mjt/x0DMq/gQ/"; ## SECRET-DATA
            }
        }
    }
    services {
        ssh {
            protocol-version v2;
        }
    }
    syslog {
        user * {
            any emergency;
        }
        file messages {
            any notice;
            authorization info;
        }
        file interactive-commands {
            interactive-commands any;
        }
    }
}
chassis {
    fpc 0 {
        pic 1 {
            sfpplus {
                pic-mode 10g;
            }
        }
    }
}
interfaces {
    ge-0/0/0 {
        description To_Cisco_5500_WC;
        disable;
        unit 0 {
            family ethernet-switching {
                port-mode trunk;
                vlan {
                    members BNS_3984;
                }
            }
        }
    }
    ge-0/0/1 {
        description To_Cisco_5500_WC;
        unit 0 {
            family ethernet-switching {
                port-mode trunk;
                vlan {
                    members BNS_3984;
                }
            }
        }
    }
    ge-0/0/2 {
        unit 0 {
            family ethernet-switching;
        }
    }
    ge-0/0/3 {
        description ==sw-eltex-stack==;
        unit 0 {
            family ethernet-switching {
                port-mode trunk;
                vlan {
                    members [ BNS_TEST_4 BNS_TEST_1 ];
                }
            }
        }
    }
    ge-0/0/4 {
        unit 0 {
            family ethernet-switching;
        }
    }
    ge-0/0/5 {
        unit 0 {
            family ethernet-switching;
        }
    }
    ge-0/0/6 {
        unit 0 {
            family ethernet-switching;
        }
    }
    ge-0/0/7 {
        unit 0 {
            family ethernet-switching;
        }
    }
    ge-0/0/8 {
        unit 0 {
            family ethernet-switching;
        }
    }
    ge-0/0/9 {
        unit 0 {
            family ethernet-switching;
        }
    }
    ge-0/0/10 {
        unit 0 {
            family ethernet-switching;
        }
    }
    ge-0/0/11 {
        unit 0 {
            family ethernet-switching;
        }
    }
    ge-0/0/12 {
        description ==To.LAB3825_2==;
        unit 0 {
            family ethernet-switching {
                port-mode access;
                vlan {
                    members BNS_TEST_0;
                }
            }
        }
    }
    ge-0/0/13 {
        description ==To.LAB3825_3==;
        unit 0 {
            family ethernet-switching {
                port-mode access;
                vlan {
                    members BNS_TEST_1;
                }
            }
        }
    }
    ge-0/0/14 {
        unit 0 {
            family ethernet-switching;
        }
    }
    ge-0/0/15 {
        unit 0 {
            family ethernet-switching;
        }
    }
    ge-0/0/16 {
        unit 0 {
            family ethernet-switching;
        }
    }
    ge-0/0/17 {
        unit 0 {
            family ethernet-switching;
        }
    }
    ge-0/0/18 {
        unit 0 {
            family ethernet-switching;
        }
    }
    ge-0/0/19 {
        unit 0 {
            family ethernet-switching;
        }
    }
    ge-0/0/20 {
        unit 0 {
            family ethernet-switching;
        }
    }
    ge-0/0/21 {
        unit 0 {
            family ethernet-switching;
        }
    }
    ge-0/0/22 {
        unit 0 {
            description C220_TRex;
            family ethernet-switching;
        }
    }
    ge-0/0/23 {
        unit 0 {
            family ethernet-switching;
        }
    }
    ge-0/1/0 {
        unit 0 {
            family ethernet-switching;
        }
    }
    xe-0/1/0 {
        description Uplink_Inline_Lab_EX3300;
        unit 0 {
            family ethernet-switching {
                port-mode trunk;
                vlan {
                    members [ 3970-3979 3983-3984 ];
                }
            }
        }
    }
    ge-0/1/1 {
        unit 0 {
            family ethernet-switching;
        }
    }
    xe-0/1/1 {
        unit 0 {
            family ethernet-switching;
        }
    }
    ge-0/1/2 {
        unit 0 {
            family ethernet-switching;
        }
    }
    xe-0/1/2 {
        description BNS_Cookie;
        unit 0 {
            family ethernet-switching {
                port-mode trunk;
                vlan {
                    members [ 3970-3979 3983-3984 ];
                }
            }
        }
    }
    ge-0/1/3 {
        unit 0 {
            family ethernet-switching;
        }
    }
    me0 {
        unit 0 {
            family inet {
                address 10.158.1.1/16;
            }
        }
    }
}
routing-options {
    static {
        route 0.0.0.0/0 next-hop 10.158.0.1;
    }
}
protocols {
    igmp-snooping {
        vlan all;
    }
    rstp {
        bridge-priority 40k;
    }
    lldp {
        interface all;
    }
    lldp-med {
        interface all;
    }
}
ethernet-switching-options {
    storm-control {
        interface all;
    }
}
vlans {
    BNS_3984 {
        vlan-id 3984;
    }
    BNS_TEST_0 {
        vlan-id 3970;
    }
    BNS_TEST_1 {
        vlan-id 3971;
    }
    BNS_TEST_2 {
        vlan-id 3972;
    }
    BNS_TEST_3 {
        vlan-id 3973;
    }
    BNS_TEST_4 {
        vlan-id 3974;
    }
    BNS_TEST_5 {
        vlan-id 3975;
    }
    BNS_TEST_6 {
        vlan-id 3976;
    }
    BNS_TEST_7 {
        vlan-id 3977;
    }
    BNS_TEST_8 {
        vlan-id 3978;
    }
    BNS_TEST_9 {
        vlan-id 3979;
    }
    Test-Eltex {
        vlan-id 30;
    }
    UCD_3983 {
        vlan-id 3983;
    }
}
poe {
    interface all;
}
