set version 12.3R12.4
set system host-name EX4200_BNS_LAB
set system root-authentication encrypted-password "$1$PQlUySim$4zAm4G.q.7QmBX1Ci0qPS1"
set system login user auditor uid 2001
set system login user auditor class super-user
set system login user auditor authentication encrypted-password "$1$xBwecmc7$d/wjr/hf3mjt/x0DMq/gQ/"
set system services ssh protocol-version v2
set system syslog user * any emergency
set system syslog file messages any notice
set system syslog file messages authorization info
set system syslog file interactive-commands interactive-commands any
set chassis fpc 0 pic 1 sfpplus pic-mode 10g
set interfaces ge-0/0/0 description To_Cisco_5500_WC
set interfaces ge-0/0/0 disable
set interfaces ge-0/0/0 unit 0 family ethernet-switching port-mode trunk
set interfaces ge-0/0/0 unit 0 family ethernet-switching vlan members BNS_3984
set interfaces ge-0/0/1 description To_Cisco_5500_WC
set interfaces ge-0/0/1 unit 0 family ethernet-switching port-mode trunk
set interfaces ge-0/0/1 unit 0 family ethernet-switching vlan members BNS_3984
set interfaces ge-0/0/2 unit 0 family ethernet-switching
set interfaces ge-0/0/3 description ==sw-eltex-stack==
set interfaces ge-0/0/3 unit 0 family ethernet-switching port-mode trunk
set interfaces ge-0/0/3 unit 0 family ethernet-switching vlan members BNS_TEST_4
set interfaces ge-0/0/3 unit 0 family ethernet-switching vlan members BNS_TEST_1
set interfaces ge-0/0/4 unit 0 family ethernet-switching
set interfaces ge-0/0/5 unit 0 family ethernet-switching
set interfaces ge-0/0/6 unit 0 family ethernet-switching
set interfaces ge-0/0/7 unit 0 family ethernet-switching
set interfaces ge-0/0/8 unit 0 family ethernet-switching
set interfaces ge-0/0/9 unit 0 family ethernet-switching
set interfaces ge-0/0/10 unit 0 family ethernet-switching
set interfaces ge-0/0/11 unit 0 family ethernet-switching
set interfaces ge-0/0/12 description ==To.LAB3825_2==
set interfaces ge-0/0/12 unit 0 family ethernet-switching port-mode access
set interfaces ge-0/0/12 unit 0 family ethernet-switching vlan members BNS_TEST_0
set interfaces ge-0/0/13 description ==To.LAB3825_3==
set interfaces ge-0/0/13 unit 0 family ethernet-switching port-mode access
set interfaces ge-0/0/13 unit 0 family ethernet-switching vlan members BNS_TEST_1
set interfaces ge-0/0/14 unit 0 family ethernet-switching
set interfaces ge-0/0/15 unit 0 family ethernet-switching
set interfaces ge-0/0/16 unit 0 family ethernet-switching
set interfaces ge-0/0/17 unit 0 family ethernet-switching
set interfaces ge-0/0/18 unit 0 family ethernet-switching
set interfaces ge-0/0/19 unit 0 family ethernet-switching
set interfaces ge-0/0/20 unit 0 family ethernet-switching
set interfaces ge-0/0/21 unit 0 family ethernet-switching
set interfaces ge-0/0/22 unit 0 description C220_TRex
set interfaces ge-0/0/22 unit 0 family ethernet-switching
set interfaces ge-0/0/23 unit 0 family ethernet-switching
set interfaces ge-0/1/0 unit 0 family ethernet-switching
set interfaces xe-0/1/0 description Uplink_Inline_Lab_EX3300
set interfaces xe-0/1/0 unit 0 family ethernet-switching port-mode trunk
set interfaces xe-0/1/0 unit 0 family ethernet-switching vlan members 3970-3979
set interfaces xe-0/1/0 unit 0 family ethernet-switching vlan members 3983-3984
set interfaces ge-0/1/1 unit 0 family ethernet-switching
set interfaces xe-0/1/1 unit 0 family ethernet-switching
set interfaces ge-0/1/2 unit 0 family ethernet-switching
set interfaces xe-0/1/2 description BNS_Cookie
set interfaces xe-0/1/2 unit 0 family ethernet-switching port-mode trunk
set interfaces xe-0/1/2 unit 0 family ethernet-switching vlan members 3970-3979
set interfaces xe-0/1/2 unit 0 family ethernet-switching vlan members 3983-3984
set interfaces ge-0/1/3 unit 0 family ethernet-switching
set interfaces me0 unit 0 family inet address 10.158.1.1/16
set routing-options static route 0.0.0.0/0 next-hop 10.158.0.1
set protocols igmp-snooping vlan all
set protocols rstp bridge-priority 40k
set protocols lldp interface all
set protocols lldp-med interface all
set ethernet-switching-options storm-control interface all
set vlans BNS_3984 vlan-id 3984
set vlans BNS_TEST_0 vlan-id 3970
set vlans BNS_TEST_1 vlan-id 3971
set vlans BNS_TEST_2 vlan-id 3972
set vlans BNS_TEST_3 vlan-id 3973
set vlans BNS_TEST_4 vlan-id 3974
set vlans BNS_TEST_5 vlan-id 3975
set vlans BNS_TEST_6 vlan-id 3976
set vlans BNS_TEST_7 vlan-id 3977
set vlans BNS_TEST_8 vlan-id 3978
set vlans BNS_TEST_9 vlan-id 3979
set vlans Test-Eltex vlan-id 30
set vlans UCD_3983 vlan-id 3983
set poe interface all
