Cisco IOS Software, C3560 Software (C3560-IPSERVICESK9-M), Version 12.2(55)SE11, RELEASE SOFTWARE (fc3)
Technical Support: http://www.cisco.com/techsupport
Copyright (c) 1986-2016 by Cisco Systems, Inc.
Compiled Wed 17-Aug-16 13:07 by prod_rel_team
Image text-base: 0x01000000, data-base: 0x02F00000

ROM: Bootstrap program is C3560 boot loader
BOOTLDR: C3560 Boot Loader (C3560-HBOOT-M) Version 12.2(44)SE5, RELEASE SOFTWARE (fc1)

R1.2-SW-BNS.LAB uptime is 4 weeks, 5 days, 3 hours, 55 minutes
System returned to ROM by power-on
System image file is "flash:/c3560-ipservicesk9-mz.122-55.SE11/c3560-ipservicesk9-mz.122-55.SE11.bin"


This product contains cryptographic features and is subject to United
States and local country laws governing import, export, transfer and
use. Delivery of Cisco cryptographic products does not imply
third-party authority to import, export, distribute or use encryption.
Importers, exporters, distributors and users are responsible for
compliance with U.S. and local country laws. By using this product you
agree to comply with applicable laws and regulations. If you are unable
to comply with U.S. and local laws, return this product immediately.

A summary of U.S. laws governing Cisco cryptographic products may be found at:
http://www.cisco.com/wwl/export/crypto/tool/stqrg.html

If you require further assistance please contact us by sending email to
export@cisco.com.

cisco WS-C3560-48TS (PowerPC405) processor (revision D0) with 131072K bytes of memory.
Processor board ID CAT1042NHCR
Last reset from power-on
2 Virtual Ethernet interfaces
48 FastEthernet interfaces
4 Gigabit Ethernet interfaces
The password-recovery mechanism is enabled.

512K bytes of flash-simulated non-volatile configuration memory.
Base ethernet MAC Address       : 00:19:AA:C9:6A:00
Motherboard assembly number     : 73-9898-06
Power supply part number        : 341-0097-02
Motherboard serial number       : CAT10415U9C
Power supply serial number      : DCA10388137
Model revision number           : D0
Motherboard revision number     : A0
Model number                    : WS-C3560-48TS-S
System serial number            : CAT1042NHCR
SFP Module assembly part number : 73-7757-03
SFP Module revision Number      : A0
SFP Module serial number        : CAT10415494
Top Assembly Part Number        : 800-26162-02
Top Assembly Revision Number    : C0
Version ID                      : V02
CLEI Code Number                : COMMJ00ARB
Hardware Board Revision Number  : 0x01


Switch Ports Model              SW Version            SW Image                 
------ ----- -----              ----------            ----------               
*    1 52    WS-C3560-48TS      12.2(55)SE11          C3560-IPSERVICESK9-M     


Configuration register is 0xF
