ThreadPoolExecutor-0_0 root INFO: ===> 23:19:56.006475 Connection:    10.158.0.2
Thread-1 paramiko.transport DEBUG: starting thread (client mode): 0xb3d29730
Thread-1 paramiko.transport DEBUG: Local version/idstring: SSH-2.0-paramiko_2.7.2
Thread-1 paramiko.transport DEBUG: Remote version/idstring: SSH-2.0-Cisco-1.25
Thread-1 paramiko.transport INFO: Connected (version 2.0, client Cisco-1.25)
Thread-1 paramiko.transport DEBUG: kex algos:['diffie-hellman-group1-sha1'] server key:['ssh-rsa'] client encrypt:['aes128-cbc', '3des-cbc', 'aes192-cbc', 'aes256-cbc'] server encrypt:['aes128-cbc', '3des-cbc', 'aes192-cbc', 'aes256-cbc'] client mac:['hmac-sha1', 'hmac-sha1-96', 'hmac-md5', 'hmac-md5-96'] server mac:['hmac-sha1', 'hmac-sha1-96', 'hmac-md5', 'hmac-md5-96'] client compress:['none'] server compress:['none'] client lang:[''] server lang:[''] kex follows?False
Thread-1 paramiko.transport DEBUG: Kex agreed: diffie-hellman-group1-sha1
Thread-1 paramiko.transport DEBUG: HostKey agreed: ssh-rsa
Thread-1 paramiko.transport DEBUG: Cipher agreed: aes128-cbc
Thread-1 paramiko.transport DEBUG: MAC agreed: hmac-sha1
Thread-1 paramiko.transport DEBUG: Compression agreed: none
ThreadPoolExecutor-0_1 root INFO: ===> 23:19:56.037708 Connection:    10.158.1.1
Thread-3 paramiko.transport DEBUG: starting thread (client mode): 0xb3d3cee0
Thread-3 paramiko.transport DEBUG: Local version/idstring: SSH-2.0-paramiko_2.7.2
Thread-3 paramiko.transport DEBUG: Remote version/idstring: SSH-2.0-OpenSSH_6.0
Thread-3 paramiko.transport INFO: Connected (version 2.0, client OpenSSH_6.0)
Thread-3 paramiko.transport DEBUG: kex algos:['ecdh-sha2-nistp256', 'ecdh-sha2-nistp384', 'ecdh-sha2-nistp521', 'diffie-hellman-group-exchange-sha256', 'diffie-hellman-group-exchange-sha1', 'diffie-hellman-group14-sha1', 'diffie-hellman-group1-sha1'] server key:['ssh-rsa', 'ssh-dss', 'ecdsa-sha2-nistp256'] client encrypt:['aes128-ctr', 'aes192-ctr', 'aes256-ctr', 'arcfour256', 'arcfour128', 'aes128-cbc', '3des-cbc', 'blowfish-cbc', 'cast128-cbc', 'aes192-cbc', 'aes256-cbc', 'arcfour', 'rijndael-cbc@lysator.liu.se'] server encrypt:['aes128-ctr', 'aes192-ctr', 'aes256-ctr', 'arcfour256', 'arcfour128', 'aes128-cbc', '3des-cbc', 'blowfish-cbc', 'cast128-cbc', 'aes192-cbc', 'aes256-cbc', 'arcfour', 'rijndael-cbc@lysator.liu.se'] client mac:['hmac-md5', 'hmac-sha1', 'umac-64@openssh.com', 'hmac-sha2-256', 'hmac-sha2-256-96', 'hmac-sha2-512', 'hmac-sha2-512-96', 'hmac-ripemd160', 'hmac-ripemd160@openssh.com', 'hmac-sha1-96', 'hmac-md5-96'] server mac:['hmac-md5', 'hmac-sha1', 'umac-64@openssh.com', 'hmac-sha2-256', 'hmac-sha2-256-96', 'hmac-sha2-512', 'hmac-sha2-512-96', 'hmac-ripemd160', 'hmac-ripemd160@openssh.com', 'hmac-sha1-96', 'hmac-md5-96'] client compress:['none', 'zlib@openssh.com'] server compress:['none', 'zlib@openssh.com'] client lang:[''] server lang:[''] kex follows?False
Thread-3 paramiko.transport DEBUG: Kex agreed: ecdh-sha2-nistp256
Thread-3 paramiko.transport DEBUG: HostKey agreed: ecdsa-sha2-nistp256
Thread-3 paramiko.transport DEBUG: Cipher agreed: aes128-ctr
Thread-3 paramiko.transport DEBUG: MAC agreed: hmac-sha2-256
Thread-3 paramiko.transport DEBUG: Compression agreed: none
Thread-3 paramiko.transport DEBUG: kex engine KexNistp256 specified hash_algo <built-in function openssl_sha256>
Thread-3 paramiko.transport DEBUG: Switch to new keys ...
ThreadPoolExecutor-0_1 paramiko.transport DEBUG: Adding ecdsa-sha2-nistp256 host key for 10.158.1.1: b'3f78502b781bece84296aea39815884f'
Thread-3 paramiko.transport DEBUG: userauth is OK
Thread-3 paramiko.transport INFO: Authentication (password) successful!
ThreadPoolExecutor-0_1 paramiko.transport DEBUG: [chan 0] Max packet in: 32768 bytes
Thread-3 paramiko.transport DEBUG: [chan 0] Max packet out: 32768 bytes
Thread-3 paramiko.transport DEBUG: Secsh channel 0 opened.
Thread-3 paramiko.transport DEBUG: [chan 0] Sesch channel 0 request ok
Thread-3 paramiko.transport DEBUG: [chan 0] Sesch channel 0 request ok
Thread-1 paramiko.transport DEBUG: kex engine KexGroup1 specified hash_algo <built-in function openssl_sha1>
Thread-1 paramiko.transport DEBUG: Switch to new keys ...
ThreadPoolExecutor-0_0 paramiko.transport DEBUG: Adding ssh-rsa host key for 10.158.0.2: b'731adaa58c91f9819e09c5c17943981e'
ThreadPoolExecutor-0_2 root INFO: ===> 23:19:56.568968 Connection:    10.158.149.10
Thread-5 paramiko.transport DEBUG: starting thread (client mode): 0xb3d5e9d0
Thread-5 paramiko.transport DEBUG: Local version/idstring: SSH-2.0-paramiko_2.7.2
Thread-5 paramiko.transport DEBUG: Remote version/idstring: SSH-2.0--
Thread-5 paramiko.transport INFO: Connected (version 2.0, client -)
Thread-5 paramiko.transport DEBUG: kex algos:['diffie-hellman-group-exchange-sha1', 'diffie-hellman-group1-sha1'] server key:['ssh-dss', 'ssh-rsa'] client encrypt:['aes256-ctr', 'aes128-ctr', 'aes256-cbc', 'aes128-cbc', '3des-cbc'] server encrypt:['aes256-ctr', 'aes128-ctr', 'aes256-cbc', 'aes128-cbc', '3des-cbc'] client mac:['hmac-sha2-256', 'hmac-sha2-256-96', 'hmac-sha1', 'hmac-sha1-96', 'hmac-md5', 'hmac-md5-96'] server mac:['hmac-sha2-256', 'hmac-sha2-256-96', 'hmac-sha1', 'hmac-sha1-96', 'hmac-md5', 'hmac-md5-96'] client compress:['none', 'zlib'] server compress:['none', 'zlib'] client lang:[''] server lang:[''] kex follows?False
Thread-5 paramiko.transport DEBUG: Kex agreed: diffie-hellman-group-exchange-sha1
Thread-5 paramiko.transport DEBUG: HostKey agreed: ssh-rsa
Thread-5 paramiko.transport DEBUG: Cipher agreed: aes128-ctr
Thread-5 paramiko.transport DEBUG: MAC agreed: hmac-sha2-256
Thread-5 paramiko.transport DEBUG: Compression agreed: none
Thread-1 paramiko.transport DEBUG: userauth is OK
Thread-1 paramiko.transport INFO: Authentication (password) successful!
ThreadPoolExecutor-0_0 paramiko.transport DEBUG: [chan 0] Max packet in: 32768 bytes
Thread-1 paramiko.transport DEBUG: [chan 0] Max packet out: 4096 bytes
Thread-1 paramiko.transport DEBUG: Secsh channel 0 opened.
Thread-1 paramiko.transport DEBUG: [chan 0] Sesch channel 0 request ok
Thread-1 paramiko.transport DEBUG: [chan 0] Sesch channel 0 request ok
Thread-5 paramiko.transport DEBUG: Got server p (2048 bits)
ThreadPoolExecutor-0_3 root INFO: ===> 23:19:56.990814 Connection:    10.158.149.11
Thread-7 paramiko.transport DEBUG: starting thread (client mode): 0xb3d6f8e0
Thread-7 paramiko.transport DEBUG: Local version/idstring: SSH-2.0-paramiko_2.7.2
Thread-7 paramiko.transport DEBUG: Remote version/idstring: SSH-2.0--
Thread-7 paramiko.transport INFO: Connected (version 2.0, client -)
Thread-7 paramiko.transport DEBUG: kex algos:['diffie-hellman-group-exchange-sha1', 'diffie-hellman-group1-sha1'] server key:['ssh-dss', 'ssh-rsa'] client encrypt:['aes256-ctr', 'aes128-ctr', 'aes256-cbc', 'aes128-cbc', '3des-cbc'] server encrypt:['aes256-ctr', 'aes128-ctr', 'aes256-cbc', 'aes128-cbc', '3des-cbc'] client mac:['hmac-sha2-256', 'hmac-sha2-256-96', 'hmac-sha1', 'hmac-sha1-96', 'hmac-md5', 'hmac-md5-96'] server mac:['hmac-sha2-256', 'hmac-sha2-256-96', 'hmac-sha1', 'hmac-sha1-96', 'hmac-md5', 'hmac-md5-96'] client compress:['none', 'zlib'] server compress:['none', 'zlib'] client lang:[''] server lang:[''] kex follows?False
Thread-7 paramiko.transport DEBUG: Kex agreed: diffie-hellman-group-exchange-sha1
Thread-7 paramiko.transport DEBUG: HostKey agreed: ssh-rsa
Thread-7 paramiko.transport DEBUG: Cipher agreed: aes128-ctr
Thread-7 paramiko.transport DEBUG: MAC agreed: hmac-sha2-256
Thread-7 paramiko.transport DEBUG: Compression agreed: none
Thread-7 paramiko.transport DEBUG: Got server p (2048 bits)
ThreadPoolExecutor-0_4 root INFO: ===> 23:19:57.334518 Connection:    10.158.149.13
Thread-5 paramiko.transport DEBUG: kex engine KexGex specified hash_algo <built-in function openssl_sha1>
Thread-5 paramiko.transport DEBUG: Switch to new keys ...
ThreadPoolExecutor-0_2 paramiko.transport DEBUG: Adding ssh-rsa host key for 10.158.149.10: b'73a86664d062572fb630f57fefca2dd0'
Thread-7 paramiko.transport DEBUG: kex engine KexGex specified hash_algo <built-in function openssl_sha1>
Thread-7 paramiko.transport DEBUG: Switch to new keys ...
ThreadPoolExecutor-0_3 paramiko.transport DEBUG: Adding ssh-rsa host key for 10.158.149.11: b'0073f5e23bd71799dcddd07ba6930c79'
Thread-7 paramiko.transport DEBUG: userauth is OK
Thread-5 paramiko.transport DEBUG: userauth is OK
Thread-7 paramiko.transport INFO: Authentication (password) successful!
ThreadPoolExecutor-0_3 paramiko.transport DEBUG: [chan 0] Max packet in: 32768 bytes
Thread-7 paramiko.transport DEBUG: [chan 0] Max packet out: 32768 bytes
Thread-7 paramiko.transport DEBUG: Secsh channel 0 opened.
Thread-5 paramiko.transport INFO: Authentication (password) successful!
ThreadPoolExecutor-0_2 paramiko.transport DEBUG: [chan 0] Max packet in: 32768 bytes
Thread-5 paramiko.transport DEBUG: [chan 0] Max packet out: 32768 bytes
Thread-5 paramiko.transport DEBUG: Secsh channel 0 opened.
Thread-7 paramiko.transport DEBUG: [chan 0] Sesch channel 0 request ok
Thread-5 paramiko.transport DEBUG: [chan 0] Sesch channel 0 request ok
Thread-7 paramiko.transport DEBUG: [chan 0] Sesch channel 0 request ok
Thread-5 paramiko.transport DEBUG: [chan 0] Sesch channel 0 request ok
Thread-3 paramiko.transport DEBUG: EOF in transport thread
Thread-9 paramiko.transport DEBUG: starting thread (client mode): 0xb3d4d430
Thread-9 paramiko.transport DEBUG: Local version/idstring: SSH-2.0-paramiko_2.7.2
Thread-9 paramiko.transport DEBUG: Remote version/idstring: SSH-2.0-OpenSSH_6.0
Thread-9 paramiko.transport INFO: Connected (version 2.0, client OpenSSH_6.0)
Thread-9 paramiko.transport DEBUG: kex algos:['ecdh-sha2-nistp256', 'ecdh-sha2-nistp384', 'ecdh-sha2-nistp521', 'diffie-hellman-group-exchange-sha256', 'diffie-hellman-group-exchange-sha1', 'diffie-hellman-group14-sha1', 'diffie-hellman-group1-sha1'] server key:['ssh-rsa', 'ssh-dss', 'ecdsa-sha2-nistp256'] client encrypt:['aes128-ctr', 'aes192-ctr', 'aes256-ctr', 'arcfour256', 'arcfour128', 'aes128-cbc', '3des-cbc', 'blowfish-cbc', 'cast128-cbc', 'aes192-cbc', 'aes256-cbc', 'arcfour', 'rijndael-cbc@lysator.liu.se'] server encrypt:['aes128-ctr', 'aes192-ctr', 'aes256-ctr', 'arcfour256', 'arcfour128', 'aes128-cbc', '3des-cbc', 'blowfish-cbc', 'cast128-cbc', 'aes192-cbc', 'aes256-cbc', 'arcfour', 'rijndael-cbc@lysator.liu.se'] client mac:['hmac-md5', 'hmac-sha1', 'umac-64@openssh.com', 'hmac-sha2-256', 'hmac-sha2-256-96', 'hmac-sha2-512', 'hmac-sha2-512-96', 'hmac-ripemd160', 'hmac-ripemd160@openssh.com', 'hmac-sha1-96', 'hmac-md5-96'] server mac:['hmac-md5', 'hmac-sha1', 'umac-64@openssh.com', 'hmac-sha2-256', 'hmac-sha2-256-96', 'hmac-sha2-512', 'hmac-sha2-512-96', 'hmac-ripemd160', 'hmac-ripemd160@openssh.com', 'hmac-sha1-96', 'hmac-md5-96'] client compress:['none', 'zlib@openssh.com'] server compress:['none', 'zlib@openssh.com'] client lang:[''] server lang:[''] kex follows?False
Thread-9 paramiko.transport DEBUG: Kex agreed: ecdh-sha2-nistp256
Thread-9 paramiko.transport DEBUG: HostKey agreed: ecdsa-sha2-nistp256
Thread-9 paramiko.transport DEBUG: Cipher agreed: aes128-ctr
Thread-9 paramiko.transport DEBUG: MAC agreed: hmac-sha2-256
Thread-9 paramiko.transport DEBUG: Compression agreed: none
Thread-9 paramiko.transport DEBUG: kex engine KexNistp256 specified hash_algo <built-in function openssl_sha256>
Thread-9 paramiko.transport DEBUG: Switch to new keys ...
ThreadPoolExecutor-0_1 paramiko.transport DEBUG: Adding ecdsa-sha2-nistp256 host key for 10.158.1.1: b'3f78502b781bece84296aea39815884f'
Thread-9 paramiko.transport DEBUG: userauth is OK
Thread-9 paramiko.transport INFO: Authentication (password) successful!
ThreadPoolExecutor-0_1 paramiko.transport DEBUG: [chan 0] Max packet in: 32768 bytes
Thread-9 paramiko.transport DEBUG: [chan 0] Max packet out: 32768 bytes
Thread-9 paramiko.transport DEBUG: Secsh channel 0 opened.
Thread-9 paramiko.transport DEBUG: [chan 0] Sesch channel 0 request ok
Thread-9 paramiko.transport DEBUG: [chan 0] Sesch channel 0 request ok
Thread-1 paramiko.transport DEBUG: EOF in transport thread
Thread-11 paramiko.transport DEBUG: starting thread (client mode): 0xb3d87ca0
Thread-11 paramiko.transport DEBUG: Local version/idstring: SSH-2.0-paramiko_2.7.2
Thread-11 paramiko.transport DEBUG: Remote version/idstring: SSH-2.0-Cisco-1.25
Thread-11 paramiko.transport INFO: Connected (version 2.0, client Cisco-1.25)
Thread-11 paramiko.transport DEBUG: kex algos:['diffie-hellman-group1-sha1'] server key:['ssh-rsa'] client encrypt:['aes128-cbc', '3des-cbc', 'aes192-cbc', 'aes256-cbc'] server encrypt:['aes128-cbc', '3des-cbc', 'aes192-cbc', 'aes256-cbc'] client mac:['hmac-sha1', 'hmac-sha1-96', 'hmac-md5', 'hmac-md5-96'] server mac:['hmac-sha1', 'hmac-sha1-96', 'hmac-md5', 'hmac-md5-96'] client compress:['none'] server compress:['none'] client lang:[''] server lang:[''] kex follows?False
Thread-11 paramiko.transport DEBUG: Kex agreed: diffie-hellman-group1-sha1
Thread-11 paramiko.transport DEBUG: HostKey agreed: ssh-rsa
Thread-11 paramiko.transport DEBUG: Cipher agreed: aes128-cbc
Thread-11 paramiko.transport DEBUG: MAC agreed: hmac-sha1
Thread-11 paramiko.transport DEBUG: Compression agreed: none
Thread-11 paramiko.transport DEBUG: kex engine KexGroup1 specified hash_algo <built-in function openssl_sha1>
Thread-11 paramiko.transport DEBUG: Switch to new keys ...
ThreadPoolExecutor-0_0 paramiko.transport DEBUG: Adding ssh-rsa host key for 10.158.0.2: b'731adaa58c91f9819e09c5c17943981e'
ThreadPoolExecutor-0_1 root INFO: ---> 23:20:03.755926 Push:       10.158.1.1   / juniper_junos: show configuration
Thread-11 paramiko.transport DEBUG: userauth is OK
Thread-11 paramiko.transport INFO: Authentication (password) successful!
ThreadPoolExecutor-0_0 paramiko.transport DEBUG: [chan 0] Max packet in: 32768 bytes
Thread-11 paramiko.transport DEBUG: [chan 0] Max packet out: 4096 bytes
Thread-11 paramiko.transport DEBUG: Secsh channel 0 opened.
Thread-11 paramiko.transport DEBUG: [chan 0] Sesch channel 0 request ok
Thread-11 paramiko.transport DEBUG: [chan 0] Sesch channel 0 request ok
ThreadPoolExecutor-0_0 root INFO: ---> 23:20:04.021519 Push:       10.158.0.2   / cisco_ios: show running-config
ThreadPoolExecutor-0_1 root INFO: ---> 23:20:06.208886 Push:       10.158.1.1   / juniper_junos: show configuration | display set
ThreadPoolExecutor-0_0 root INFO: ---> 23:20:08.380668 Push:       10.158.0.2   / cisco_ios: show version
ThreadPoolExecutor-0_1 root INFO: ---> 23:20:10.568020 Push:       10.158.1.1   / juniper_junos: show version
ThreadPoolExecutor-0_0 root INFO: <=== 23:20:10.614832 Received:   10.158.0.2
ThreadPoolExecutor-0_4 root WARNING: <~~~ 23:20:12.349148 Received:   10.158.149.13   / Timeout error
ThreadPoolExecutor-0_4 retry WARNING: Retry attempt #1/2 in 1 seconds ...
Thread-11 paramiko.transport DEBUG: EOF in transport thread
Thread-7 paramiko.transport DEBUG: EOF in transport thread
Thread-5 paramiko.transport DEBUG: EOF in transport thread
Thread-13 paramiko.transport DEBUG: starting thread (client mode): 0xb3d7f9a0
Thread-14 paramiko.transport DEBUG: starting thread (client mode): 0xb3d19280
Thread-13 paramiko.transport DEBUG: Local version/idstring: SSH-2.0-paramiko_2.7.2
Thread-14 paramiko.transport DEBUG: Local version/idstring: SSH-2.0-paramiko_2.7.2
Thread-13 paramiko.transport DEBUG: Remote version/idstring: SSH-2.0--
Thread-13 paramiko.transport INFO: Connected (version 2.0, client -)
Thread-14 paramiko.transport DEBUG: Remote version/idstring: SSH-2.0--
Thread-14 paramiko.transport INFO: Connected (version 2.0, client -)
Thread-13 paramiko.transport DEBUG: kex algos:['diffie-hellman-group-exchange-sha1', 'diffie-hellman-group1-sha1'] server key:['ssh-dss', 'ssh-rsa'] client encrypt:['aes256-ctr', 'aes128-ctr', 'aes256-cbc', 'aes128-cbc', '3des-cbc'] server encrypt:['aes256-ctr', 'aes128-ctr', 'aes256-cbc', 'aes128-cbc', '3des-cbc'] client mac:['hmac-sha2-256', 'hmac-sha2-256-96', 'hmac-sha1', 'hmac-sha1-96', 'hmac-md5', 'hmac-md5-96'] server mac:['hmac-sha2-256', 'hmac-sha2-256-96', 'hmac-sha1', 'hmac-sha1-96', 'hmac-md5', 'hmac-md5-96'] client compress:['none', 'zlib'] server compress:['none', 'zlib'] client lang:[''] server lang:[''] kex follows?False
Thread-13 paramiko.transport DEBUG: Kex agreed: diffie-hellman-group-exchange-sha1
Thread-13 paramiko.transport DEBUG: HostKey agreed: ssh-rsa
Thread-13 paramiko.transport DEBUG: Cipher agreed: aes128-ctr
Thread-13 paramiko.transport DEBUG: MAC agreed: hmac-sha2-256
Thread-13 paramiko.transport DEBUG: Compression agreed: none
Thread-14 paramiko.transport DEBUG: kex algos:['diffie-hellman-group-exchange-sha1', 'diffie-hellman-group1-sha1'] server key:['ssh-dss', 'ssh-rsa'] client encrypt:['aes256-ctr', 'aes128-ctr', 'aes256-cbc', 'aes128-cbc', '3des-cbc'] server encrypt:['aes256-ctr', 'aes128-ctr', 'aes256-cbc', 'aes128-cbc', '3des-cbc'] client mac:['hmac-sha2-256', 'hmac-sha2-256-96', 'hmac-sha1', 'hmac-sha1-96', 'hmac-md5', 'hmac-md5-96'] server mac:['hmac-sha2-256', 'hmac-sha2-256-96', 'hmac-sha1', 'hmac-sha1-96', 'hmac-md5', 'hmac-md5-96'] client compress:['none', 'zlib'] server compress:['none', 'zlib'] client lang:[''] server lang:[''] kex follows?False
Thread-14 paramiko.transport DEBUG: Kex agreed: diffie-hellman-group-exchange-sha1
Thread-14 paramiko.transport DEBUG: HostKey agreed: ssh-rsa
Thread-14 paramiko.transport DEBUG: Cipher agreed: aes128-ctr
Thread-14 paramiko.transport DEBUG: MAC agreed: hmac-sha2-256
Thread-14 paramiko.transport DEBUG: Compression agreed: none
Thread-13 paramiko.transport DEBUG: Got server p (2048 bits)
Thread-14 paramiko.transport DEBUG: Got server p (2048 bits)
ThreadPoolExecutor-0_4 root INFO: ===> 23:20:14.895852 Connection:    10.158.149.13
ThreadPoolExecutor-0_1 root INFO: <=== 23:20:14.927100 Received:   10.158.1.1
Thread-9 paramiko.transport DEBUG: EOF in transport thread
Thread-14 paramiko.transport DEBUG: kex engine KexGex specified hash_algo <built-in function openssl_sha1>
Thread-14 paramiko.transport DEBUG: Switch to new keys ...
ThreadPoolExecutor-0_3 paramiko.transport DEBUG: Adding ssh-rsa host key for 10.158.149.11: b'0073f5e23bd71799dcddd07ba6930c79'
Thread-14 paramiko.transport DEBUG: userauth is OK
Thread-14 paramiko.transport INFO: Authentication (password) successful!
ThreadPoolExecutor-0_3 paramiko.transport DEBUG: [chan 0] Max packet in: 32768 bytes
Thread-14 paramiko.transport DEBUG: [chan 0] Max packet out: 32768 bytes
Thread-14 paramiko.transport DEBUG: Secsh channel 0 opened.
Thread-14 paramiko.transport DEBUG: [chan 0] Sesch channel 0 request ok
Thread-13 paramiko.transport DEBUG: kex engine KexGex specified hash_algo <built-in function openssl_sha1>
Thread-13 paramiko.transport DEBUG: Switch to new keys ...
ThreadPoolExecutor-0_2 paramiko.transport DEBUG: Adding ssh-rsa host key for 10.158.149.10: b'73a86664d062572fb630f57fefca2dd0'
Thread-14 paramiko.transport DEBUG: [chan 0] Sesch channel 0 request ok
Thread-13 paramiko.transport DEBUG: userauth is OK
Thread-13 paramiko.transport INFO: Authentication (password) successful!
ThreadPoolExecutor-0_2 paramiko.transport DEBUG: [chan 0] Max packet in: 32768 bytes
Thread-13 paramiko.transport DEBUG: [chan 0] Max packet out: 32768 bytes
Thread-13 paramiko.transport DEBUG: Secsh channel 0 opened.
Thread-13 paramiko.transport DEBUG: [chan 0] Sesch channel 0 request ok
Thread-13 paramiko.transport DEBUG: [chan 0] Sesch channel 0 request ok
ThreadPoolExecutor-0_2 root INFO: ---> 23:20:24.707633 Push:       10.158.149.10   / huawei: display current-configuration
ThreadPoolExecutor-0_3 root INFO: ---> 23:20:24.832611 Push:       10.158.149.11   / huawei: display current-configuration
ThreadPoolExecutor-0_4 root WARNING: <~~~ 23:20:29.910429 Received:   10.158.149.13   / Timeout error
ThreadPoolExecutor-0_4 retry WARNING: Retry attempt #2/2 in 2 seconds ...
ThreadPoolExecutor-0_4 root INFO: ===> 23:20:33.363337 Connection:    10.158.149.13
ThreadPoolExecutor-0_2 root INFO: ---> 23:20:46.284349 Push:       10.158.149.10   / huawei: display elabel
ThreadPoolExecutor-0_3 root INFO: ---> 23:20:46.924932 Push:       10.158.149.11   / huawei: display elabel
ThreadPoolExecutor-0_4 root WARNING: <~~~ 23:20:48.377957 Received:   10.158.149.13   / Timeout error
ThreadPoolExecutor-0_2 root INFO: ---> 23:20:57.330476 Push:       10.158.149.10   / huawei: display version
ThreadPoolExecutor-0_3 root INFO: ---> 23:20:57.971057 Push:       10.158.149.11   / huawei: display version
ThreadPoolExecutor-0_2 root INFO: <=== 23:21:08.376603 Received:   10.158.149.10
Thread-13 paramiko.transport DEBUG: EOF in transport thread
ThreadPoolExecutor-0_3 root INFO: <=== 23:21:09.017184 Received:   10.158.149.11
Thread-14 paramiko.transport DEBUG: EOF in transport thread
