!Software Version V200R005C00SPC500
#
sysname R1.2-S5700-28C-SI.LAB
#
info-center logbuffer size 1024
#
vlan batch 2 10 13 to 17 19 to 21 100 103 200 700 2016
#
stp bpdu-protection
#
error-down auto-recovery cause bpdu-protection interval 60
error-down auto-recovery cause port-security interval 60
#
telnet server enable
telnet ipv6 server enable
#
http secure-server port 1026
#
undo management-port isolate enable
undo management-plane isolate enable
#
hwtacacs-server template ht
#
hwtacacs-server template tacacs_tmp
 hwtacacs-server authentication 10.2.128.11
 hwtacacs-server authorization 10.2.128.11
 hwtacacs-server accounting 10.2.128.11
 hwtacacs-server shared-key cipher @%@%kjp@YwK/_GZ9)n'|4'|.'F/5@%@%
#
acl number 2001  
#
vlan 2
 name CONNECT_TO_LAB-LAN
vlan 200
 name MGMT
vlan 700
 name =MGMT_Allot=
#
aaa
 authentication-scheme default
 authentication-scheme tacacs_sch
  authentication-mode hwtacacs local
 authorization-scheme default
 authorization-scheme tacacs_sch
  authorization-mode hwtacacs local
  authorization-cmd 1 hwtacacs local
  authorization-cmd 15 hwtacacs local
 accounting-scheme default
 accounting-scheme tacacs_sch
  accounting-mode hwtacacs
  accounting start-fail online
  accounting interim-fail max-times 255 online
 recording-scheme tacacs_sch
  recording-mode hwtacacs tacacs_tmp
 cmd recording-scheme tacacs_sch
 outbound recording-scheme tacacs_sch
 system recording-scheme tacacs_sch
 domain default
 domain default_admin
 domain air.com
  authentication-scheme tacacs_sch
  accounting-scheme tacacs_sch
  authorization-scheme tacacs_sch
  hwtacacs-server tacacs_tmp
 local-user admin password irreversible-cipher %@%@B\-pYdA"4Nw`/5>SI:!#o614P-{f.vG~s$q+%lD=Ay>A617o%@%@
 local-user admin privilege level 15
 local-user admin service-type terminal ssh http
 local-user auditor password irreversible-cipher %@%@-L/W@E4P/ETcj/F*&UdAf*fBF8u1V_AabGC7c52:2xp4*fEf%@%@
 local-user auditor privilege level 15
 local-user auditor service-type telnet terminal ssh
 local-user monitor password irreversible-cipher %@%@4Cl|Ln^aO+s02ZU>Azy@oItua80wV`lT+2rt0:0Qe8u4Itxo%@%@
 local-user monitor privilege level 1
 local-user monitor service-type terminal ssh
#
interface Vlanif2
 ip address 10.158.149.11 255.255.0.0
#
interface Vlanif100
 ip address 192.168.10.1 255.255.255.0
#
interface Vlanif200
#
interface Vlanif2016
 ip address 192.168.16.99 255.255.255.0
#
interface MEth0/0/1
 ip address 192.168.1.3 255.255.255.0
#
interface Eth-Trunk0
 description =test0=
 port link-type trunk
 port trunk pvid vlan 16
 port trunk allow-pass vlan 8 16
#
interface Eth-Trunk1
 description =test1=
 port link-type trunk
 port trunk pvid vlan 16
 port trunk allow-pass vlan 8 16
#
interface GigabitEthernet0/0/1
 port link-type trunk
 qinq vlan-translation enable
 port trunk pvid vlan 16
 port trunk allow-pass vlan 2 to 4094
 port vlan-mapping vlan 16 map-vlan 2016
#
interface GigabitEthernet0/0/2
 port link-type trunk
 port trunk allow-pass vlan 2 to 4094
#
interface GigabitEthernet0/0/3
 set flow-stat interval 30
 port link-type access
 port default vlan 100
#
interface GigabitEthernet0/0/4
 set flow-stat interval 30
 port link-type access
 port default vlan 100
 stp edged-port enable
 port-security enable
 port-security protect-action shutdown
 port-security mac-address sticky
 storm-control broadcast min-rate cir 15000 max-rate cir 16000
 storm-control action block
#
interface GigabitEthernet0/0/5
 port link-type access
 port default vlan 100
#
interface GigabitEthernet0/0/6
 port link-type access
 port default vlan 100
#
interface GigabitEthernet0/0/7
 port link-type access
 port default vlan 100
#
interface GigabitEthernet0/0/8
 port link-type access
 port default vlan 100
#
interface GigabitEthernet0/0/9
 port link-type access
 port default vlan 100
#
interface GigabitEthernet0/0/10
 port link-type access
 port default vlan 100
#
interface GigabitEthernet0/0/11
 port link-type access
 port default vlan 100
#
interface GigabitEthernet0/0/12
 port link-type access
 port default vlan 100
#
interface GigabitEthernet0/0/13
 port link-type access
 port default vlan 700
#
interface GigabitEthernet0/0/14
 port link-type access
 port default vlan 700
#
interface GigabitEthernet0/0/15
 port link-type access
 port default vlan 700
#
interface GigabitEthernet0/0/16
 port link-type access
 port default vlan 700
#
interface GigabitEthernet0/0/17
 port link-type access
 port default vlan 200
#
interface GigabitEthernet0/0/18
 port link-type access
 port default vlan 200
#
interface GigabitEthernet0/0/19
 port link-type access
 port default vlan 200
#
interface GigabitEthernet0/0/20
 port link-type access
 port default vlan 200
#
interface GigabitEthernet0/0/21
 port link-type access
 port default vlan 200
#
interface GigabitEthernet0/0/22
 port link-type access
 port default vlan 200
#
interface GigabitEthernet0/0/23
 port link-type access
 port default vlan 200
#
interface GigabitEthernet0/0/24
 port default vlan 2
 stp disable
#
interface NULL0
#
ip route-static 0.0.0.0 0.0.0.0 10.158.0.1
#
snmp-agent
snmp-agent local-engineid 800007DB03643E8CB5C910
snmp-agent sys-info version v3
snmp-agent mib-view included View_ALL iso
#
stelnet server enable
ssh authentication-type default password
ssh user auditor
ssh user auditor authentication-type password
ssh user auditor service-type all
#
header shell information "=============================================
|            password: Jun1per              |
|    THIS IS THE HIGHLY RESTRICTED AREA!    |
|   PROPERTY OF AIRPORT OF KRYMEA.          |
|                                           |
|       L E A V E    I T    N O W !!!       |
|                                           |
|   All access attempts are logging with    |
|   immediate alerting of security staff.   |
============================================="
#
user-interface con 0
 authentication-mode password
 set authentication password cipher $1a$W%g^G>~<k&$sY5ETL3"*@<Eq$,fOO&Y&2~[E@3pEMu&\iYe~rs'$
user-interface vty 0 4
 authentication-mode aaa
 protocol inbound all
user-interface vty 16 20
 protocol inbound telnet
#
port-group dl_access
 group-member Eth-Trunk0
 group-member Eth-Trunk1
#
return