/$[System Integration Version]
/$SystemIntegrationVersion=3.0


[Slot_0]
/$[Board Integration Version]
/$BoardIntegrationVersion=3.0


[Main_Board]

/$[ArchivesInfo Version]
/$ArchivesInfoVersion=3.0


[Board Properties]
BoardType=ES5Z228CM0
BarCode=2102352341W0EB000513
Item=02352341
Description=S5700-28C-SI,ES5Z228CM0,S5700-28C-SI(24 Ethernet 10/100/1000 ports,4 of which are dual-purpose 10/100/1000 or SFP,with 1 interface slot,without power module)
Manufactured=2014-11-17
VendorName=Huawei
IssueNumber=00
CLEICode=
BOM=





/$[ArchivesInfo Version]
/$ArchivesInfoVersion=3.0


[Board Properties]
BoardType=CX7E1FANA
BarCode=21023516516TEB901278
Item=02351651
Description=Ethernet Switch,CX7E1FANA,Fan Assembly
Manufactured=2014-11-09
VendorName=Huawei
IssueNumber=00
CLEICode=
BOM=



/$[ArchivesInfo Version]
/$ArchivesInfoVersion=3.0


[Board Properties]
BoardType=CX7M1PWA
BarCode=2102316783P0EB000699
Item=02316783
Description=S5300C,CX7M1PWA,AC Power Module
Manufactured=2014-11-06
VendorName=Huawei
IssueNumber=00
CLEICode=
BOM=
